<?xml version="1.0" encoding="UTF-8"?>
<testsuite xmlns:xsi="http://www.w3.org/2001/XMLSchema-instance" xsi:noNamespaceSchemaLocation="https://maven.apache.org/surefire/maven-surefire-plugin/xsd/surefire-test-report.xsd" name="com.wibisono.app.AppTest" time="0.474" tests="1" errors="0" skipped="0" failures="0">
  <properties>
    <property name="java.specification.version" value="19"/>
    <property name="sun.cpu.isalist" value="amd64"/>
    <property name="sun.jnu.encoding" value="Cp1252"/>
    <property name="java.class.path" value="D:\java\jasakeren\target\test-classes;D:\java\jasakeren\target\classes;C:\Users\Gunawan.Gunawan-PC\.m2\repository\junit\junit\4.11\junit-4.11.jar;C:\Users\Gunawan.Gunawan-PC\.m2\repository\org\hamcrest\hamcrest-core\1.3\hamcrest-core-1.3.jar;"/>
    <property name="java.vm.vendor" value="Oracle Corporation"/>
    <property name="sun.arch.data.model" value="64"/>
    <property name="user.variant" value=""/>
    <property name="java.vendor.url" value="https://java.oracle.com/"/>
    <property name="user.timezone" value="Asia/Jakarta"/>
    <property name="os.name" value="Windows 10"/>
    <property name="java.vm.specification.version" value="19"/>
    <property name="sun.java.launcher" value="SUN_STANDARD"/>
    <property name="user.country" value="US"/>
    <property name="sun.boot.library.path" value="C:\java\jdk19\bin"/>
    <property name="sun.java.command" value="C:\Users\GUNAWA~1.GUN\AppData\Local\Temp\surefire1455651458292050720\surefirebooter17277726713288064768.jar C:\Users\Gunawan.Gunawan-PC\AppData\Local\Temp\surefire1455651458292050720 2023-03-11T21-23-05_020-jvmRun1 surefire7082479729006671092tmp surefire_09009559877262637094tmp"/>
    <property name="jdk.debug" value="release"/>
    <property name="surefire.test.class.path" value="D:\java\jasakeren\target\test-classes;D:\java\jasakeren\target\classes;C:\Users\Gunawan.Gunawan-PC\.m2\repository\junit\junit\4.11\junit-4.11.jar;C:\Users\Gunawan.Gunawan-PC\.m2\repository\org\hamcrest\hamcrest-core\1.3\hamcrest-core-1.3.jar;"/>
    <property name="sun.cpu.endian" value="little"/>
    <property name="user.home" value="C:\Users\Gunawan.Gunawan-PC"/>
    <property name="user.language" value="en"/>
    <property name="java.specification.vendor" value="Oracle Corporation"/>
    <property name="java.version.date" value="2023-01-17"/>
    <property name="java.home" value="C:\java\jdk19"/>
    <property name="file.separator" value="\"/>
    <property name="basedir" value="D:\java\jasakeren"/>
    <property name="java.vm.compressedOopsMode" value="32-bit"/>
    <property name="line.separator" value="&#10;"/>
    <property name="java.vm.specification.vendor" value="Oracle Corporation"/>
    <property name="java.specification.name" value="Java Platform API Specification"/>
    <property name="surefire.real.class.path" value="C:\Users\GUNAWA~1.GUN\AppData\Local\Temp\surefire1455651458292050720\surefirebooter17277726713288064768.jar"/>
    <property name="user.script" value=""/>
    <property name="sun.management.compiler" value="HotSpot 64-Bit Tiered Compilers"/>
    <property name="java.runtime.version" value="19.0.2+7-44"/>
    <property name="user.name" value="Gunawan"/>
    <property name="stdout.encoding" value="Cp1252"/>
    <property name="path.separator" value=";"/>
    <property name="os.version" value="10.0"/>
    <property name="java.runtime.name" value="Java(TM) SE Runtime Environment"/>
    <property name="file.encoding" value="UTF-8"/>
    <property name="java.vm.name" value="Java HotSpot(TM) 64-Bit Server VM"/>
    <property name="localRepository" value="C:\Users\Gunawan.Gunawan-PC\.m2\repository"/>
    <property name="java.vendor.url.bug" value="https://bugreport.java.com/bugreport/"/>
    <property name="java.io.tmpdir" value="C:\Users\GUNAWA~1.GUN\AppData\Local\Temp\"/>
    <property name="java.version" value="19.0.2"/>
    <property name="user.dir" value="D:\java\jasakeren"/>
    <property name="os.arch" value="amd64"/>
    <property name="java.vm.specification.name" value="Java Virtual Machine Specification"/>
    <property name="sun.os.patch.level" value=""/>
    <property name="native.encoding" value="Cp1252"/>
    <property name="java.library.path" value="C:\java\jdk19\bin;C:\WINDOWS\Sun\Java\bin;C:\WINDOWS\system32;C:\WINDOWS;C:\Program Files\Common Files\Oracle\Java\javapath;C:\Program Files (x86)\Common Files\Oracle\Java\javapath;C:\Program Files (x86)\NVIDIA Corporation\PhysX\Common;C:\Program Files (x86)\ActiveState Komodo IDE 12\;C:\WINDOWS\system32;C:\WINDOWS;C:\WINDOWS\System32\Wbem;C:\WINDOWS\System32\WindowsPowerShell\v1.0\;C:\WINDOWS\System32\OpenSSH\;D:\php\php-7.4\;C:\ProgramData\ComposerSetup\bin;C:\Program Files (x86)\GtkSharp\2.12\bin;C:\Program Files\Microsoft VS Code\bin;C:\Users\Gunawan.Gunawan-PC\AppData\Local\Programs\Python\Python38-32;C:\Program Files\Inkscape\bin;C:\Program Files\Go\bin;C:\Program Files\dotnet\;C:\Program Files\Git\cmd;C:\Program Files\nodejs\;D:\java\apache-maven-3.9.0\bin;C:\Users\Gunawan.Gunawan-PC\AppData\Local\Programs\Python\Python311\Scripts\;C:\Users\Gunawan.Gunawan-PC\AppData\Local\Programs\Python\Python311\;C:\Users\Gunawan.Gunawan-PC\AppData\Local\ActiveState\StateTool\release\bin;C:\Ruby27-x64\bin;C:\Users\Gunawan.Gunawan-PC\AppData\Local\activestate\cache\bin;C:\Users\Gunawan.Gunawan-PC\AppData\Local\Programs\Python\Python38-32\Scripts\;C:\Users\Gunawan.Gunawan-PC\AppData\Local\Programs\Python\Python38-32\;C:\Users\Gunawan.Gunawan-PC\AppData\Local\Microsoft\WindowsApps;C:\Users\Gunawan.Gunawan-PC\AppData\Roaming\Composer\vendor\bin;C:\Users\Gunawan.Gunawan-PC\AppData\Local\hyper\app-3.0.2\resources\bin;C:\Program Files\LOVE;C:\Users\Gunawan.Gunawan-PC\go\bin;C:\Users\Gunawan.Gunawan-PC\AppData\Roaming\npm;."/>
    <property name="java.vm.info" value="mixed mode, sharing"/>
    <property name="stderr.encoding" value="Cp1252"/>
    <property name="java.vendor" value="Oracle Corporation"/>
    <property name="java.vm.version" value="19.0.2+7-44"/>
    <property name="sun.io.unicode.encoding" value="UnicodeLittle"/>
    <property name="java.class.version" value="63.0"/>
  </properties>
  <testcase name="shouldAnswerWithTrue" classname="com.wibisono.app.AppTest" time="0.007"/>
</testsuite>